<?xml version="1.0" encoding="utf-8"?><testsuites name="pytest tests"><testsuite name="pytest" errors="0" failures="1" skipped="0" tests="14" time="2.664" timestamp="2026-01-28T14:24:13.082922+00:00" hostname="agent-env-4eceeb71-142a-4eaf-9868-0d42912a39ba"><testcase classname="backend.tests.test_admin_crud_features.TestAdminLogin" name="test_admin_login" time="0.088"><failure message="AssertionError: assert 'user' in {'allergies': [], 'city': 'Kochi', 'created_at': '2025-01-26T10:00:00Z', 'delivery_days': ['monday', 'tuesday', 'wednesday', 'thursday', 'friday', 'saturday'], ...}">backend/tests/test_admin_crud_features.py:29: in test_admin_login
    assert "user" in data
E   AssertionError: assert 'user' in {'allergies': [], 'city': 'Kochi', 'created_at': '2025-01-26T10:00:00Z', 'delivery_days': ['monday', 'tuesday', 'wednesday', 'thursday', 'friday', 'saturday'], ...}</failure></testcase><testcase classname="backend.tests.test_admin_crud_features.TestKitchenCRUD" name="test_create_kitchen_with_coordinates" time="0.123" /><testcase classname="backend.tests.test_admin_crud_features.TestKitchenCRUD" name="test_update_kitchen" time="0.209" /><testcase classname="backend.tests.test_admin_crud_features.TestKitchenCRUD" name="test_delete_kitchen" time="0.210" /><testcase classname="backend.tests.test_admin_crud_features.TestStaffCRUD" name="test_create_delivery_boy_with_kitchen" time="0.086" /><testcase classname="backend.tests.test_admin_crud_features.TestStaffCRUD" name="test_create_kitchen_manager_with_kitchen" time="0.136" /><testcase classname="backend.tests.test_admin_crud_features.TestStaffCRUD" name="test_update_staff" time="0.199" /><testcase classname="backend.tests.test_admin_crud_features.TestStaffCRUD" name="test_delete_staff" time="0.259" /><testcase classname="backend.tests.test_admin_crud_features.TestCustomerCRUD" name="test_create_customer_with_kitchen_and_city" time="0.275" /><testcase classname="backend.tests.test_admin_crud_features.TestCustomerCRUD" name="test_update_customer" time="0.304" /><testcase classname="backend.tests.test_admin_crud_features.TestCustomerCRUD" name="test_delete_customer" time="0.440" /><testcase classname="backend.tests.test_admin_crud_features.TestKitchenEndpoints" name="test_kitchen_put_endpoint_exists" time="0.097" /><testcase classname="backend.tests.test_admin_crud_features.TestKitchenEndpoints" name="test_kitchen_delete_endpoint_exists" time="0.061" /><testcase classname="backend.tests.test_admin_crud_features.TestUserDeleteEndpoint" name="test_user_delete_endpoint_exists" time="0.063" /></testsuite></testsuites>