<?xml version="1.0" encoding="utf-8"?><testsuites name="pytest tests"><testsuite name="pytest" errors="0" failures="1" skipped="0" tests="16" time="1.057" timestamp="2026-01-27T19:00:13.015687+00:00" hostname="agent-env-4eceeb71-142a-4eaf-9868-0d42912a39ba"><testcase classname="backend.tests.test_menu_items_plans_crud.TestSuperAdminLogin" name="test_super_admin_login_success" time="0.099" /><testcase classname="backend.tests.test_menu_items_plans_crud.TestSuperAdminLogin" name="test_super_admin_login_wrong_password" time="0.054" /><testcase classname="backend.tests.test_menu_items_plans_crud.TestMenuItemsCRUD" name="test_get_menu_items" time="0.029" /><testcase classname="backend.tests.test_menu_items_plans_crud.TestMenuItemsCRUD" name="test_create_menu_item" time="0.069" /><testcase classname="backend.tests.test_menu_items_plans_crud.TestMenuItemsCRUD" name="test_update_menu_item" time="0.071" /><testcase classname="backend.tests.test_menu_items_plans_crud.TestMenuItemsCRUD" name="test_delete_menu_item" time="0.071" /><testcase classname="backend.tests.test_menu_items_plans_crud.TestPlansCRUD" name="test_get_plans" time="0.014" /><testcase classname="backend.tests.test_menu_items_plans_crud.TestPlansCRUD" name="test_create_plan_with_delivery_days" time="0.119" /><testcase classname="backend.tests.test_menu_items_plans_crud.TestPlansCRUD" name="test_create_plan_12_deliveries" time="0.027" /><testcase classname="backend.tests.test_menu_items_plans_crud.TestPlansCRUD" name="test_create_plan_24_deliveries" time="0.070" /><testcase classname="backend.tests.test_menu_items_plans_crud.TestPlansCRUD" name="test_update_plan" time="0.070" /><testcase classname="backend.tests.test_menu_items_plans_crud.TestPlansCRUD" name="test_update_plan_selected_items" time="0.069" /><testcase classname="backend.tests.test_menu_items_plans_crud.TestPlansCRUD" name="test_delete_plan" time="0.068" /><testcase classname="backend.tests.test_menu_items_plans_crud.TestPlanValidation" name="test_invalid_delivery_days" time="0.056" /><testcase classname="backend.tests.test_menu_items_plans_crud.TestPlanValidation" name="test_too_many_selected_items" time="0.062" /><testcase classname="backend.tests.test_menu_items_plans_crud.TestMenuItemNutrition" name="test_menu_item_has_nutrition_fields" time="0.011"><failure message="AssertionError: Missing nutrition field: protein&#10;assert 'protein' in {'allergy_tags': ['milk'], 'calories': 450, 'category': 'Salad', 'diet_type': 'non_veg', ...}">backend/tests/test_menu_items_plans_crud.py:451: in test_menu_item_has_nutrition_fields
    assert field in item, f"Missing nutrition field: {field}"
E   AssertionError: Missing nutrition field: protein
E   assert 'protein' in {'allergy_tags': ['milk'], 'calories': 450, 'category': 'Salad', 'diet_type': 'non_veg', ...}</failure></testcase></testsuite></testsuites>